;  LST file generated by mikroListExporter - v.2.0 
; Date/Time: 09/05/2022 20:35:03
;----------------------------------------------

;Address Opcode 	ASM
0x0000	0xF000EF71  	GOTO        226
0x0004	0x0000      	NOP
0x0006	0x0000      	NOP
0x0008	0xF000EF00  	GOTO        0
0x000C	0x0000      	NOP
0x000E	0x0000      	NOP
0x0010	0x0000      	NOP
0x0012	0x0000      	NOP
0x0014	0x0000      	NOP
0x0016	0x0000      	NOP
0x0018	0xD7F3      	BRA         0
_UART1_Write:
;__Lib_UART_c67.c,58 :: 		
;__Lib_UART_c67.c,59 :: 		
L_UART1_Write3:
0x001C	0xB2AC      	BTFSC       TXSTA, 1 
0x001E	0xD002      	BRA         L_UART1_Write4
;__Lib_UART_c67.c,60 :: 		
0x0020	0x0000      	NOP
0x0022	0xD7FC      	BRA         L_UART1_Write3
L_UART1_Write4:
;__Lib_UART_c67.c,61 :: 		
0x0024	0xFFADC06C  	MOVFF       FARG_UART1_Write_data_, TXREG
;__Lib_UART_c67.c,62 :: 		
L_end_UART1_Write:
0x0028	0x0012      	RETURN      0
; end of _UART1_Write
_UART1_Data_Ready:
;__Lib_UART_c67.c,34 :: 		
;__Lib_UART_c67.c,35 :: 		
0x002A	0x0E00      	MOVLW       0
0x002C	0xBA9E      	BTFSC       PIR1, 5 
0x002E	0x0E01      	MOVLW       1
0x0030	0x6E00      	MOVWF       R0 
;__Lib_UART_c67.c,36 :: 		
L_end_UART1_Data_Ready:
0x0032	0x0012      	RETURN      0
; end of _UART1_Data_Ready
_UART1_Read:
;__Lib_UART_c67.c,39 :: 		
;__Lib_UART_c67.c,42 :: 		
0x0034	0xF001CFAE  	MOVFF       RCREG, R1
;__Lib_UART_c67.c,43 :: 		
0x0038	0xA2AB      	BTFSS       RCSTA, 1 
0x003A	0xD002      	BRA         L_UART1_Read2
;__Lib_UART_c67.c,44 :: 		
0x003C	0x98AB      	BCF         RCSTA, 4 
;__Lib_UART_c67.c,45 :: 		
0x003E	0x88AB      	BSF         RCSTA, 4 
;__Lib_UART_c67.c,46 :: 		
L_UART1_Read2:
;__Lib_UART_c67.c,47 :: 		
0x0040	0xF000C001  	MOVFF       R1, R0
;__Lib_UART_c67.c,48 :: 		
L_end_UART1_Read:
0x0044	0x0012      	RETURN      0
; end of _UART1_Read
_UART1_Write_Text:
;__Lib_UART_c67.c,66 :: 		
;__Lib_UART_c67.c,67 :: 		
0x0046	0x6A6B      	CLRF        UART1_Write_Text_counter_L0 
;__Lib_UART_c67.c,69 :: 		
0x0048	0xFFE9C068  	MOVFF       FARG_UART1_Write_Text_uart_text, FSR0L
0x004C	0xFFEAC069  	MOVFF       FARG_UART1_Write_Text_uart_text+1, FSR0H
0x0050	0xF06ACFEE  	MOVFF       POSTINC0, UART1_Write_Text_data__L0
;__Lib_UART_c67.c,70 :: 		
L_UART1_Write_Text5:
0x0054	0x506A      	MOVF        UART1_Write_Text_data__L0, 0 
0x0056	0x0A00      	XORLW       0
0x0058	0xE00D      	BZ          L_UART1_Write_Text6
;__Lib_UART_c67.c,71 :: 		
0x005A	0xF06CC06A  	MOVFF       UART1_Write_Text_data__L0, FARG_UART1_Write_data_
0x005E	0xDFDE      	RCALL       _UART1_Write
;__Lib_UART_c67.c,72 :: 		
0x0060	0x2A6B      	INCF        UART1_Write_Text_counter_L0, 1 
;__Lib_UART_c67.c,73 :: 		
0x0062	0x506B      	MOVF        UART1_Write_Text_counter_L0, 0 
0x0064	0x2468      	ADDWF       FARG_UART1_Write_Text_uart_text, 0 
0x0066	0x6EE9      	MOVWF       FSR0L 
0x0068	0x0E00      	MOVLW       0
0x006A	0x2069      	ADDWFC      FARG_UART1_Write_Text_uart_text+1, 0 
0x006C	0x6EEA      	MOVWF       FSR0L+1 
0x006E	0xF06ACFEE  	MOVFF       POSTINC0, UART1_Write_Text_data__L0
;__Lib_UART_c67.c,74 :: 		
0x0072	0xD7F0      	BRA         L_UART1_Write_Text5
L_UART1_Write_Text6:
;__Lib_UART_c67.c,75 :: 		
L_end_UART1_Write_Text:
0x0074	0x0012      	RETURN      0
; end of _UART1_Write_Text
___CC2DW:
;__Lib_System.c,21 :: 		
;__Lib_System.c,23 :: 		
_CC2DL_Loop1:
;__Lib_System.c,24 :: 		
0x0076	0x0009      	TBLRD*+
;__Lib_System.c,25 :: 		
0x0078	0xFFE6CFF5  	MOVFF       TABLAT, POSTINC1
;__Lib_System.c,26 :: 		
0x007C	0x0600      	DECF        R0, 1, 0
;__Lib_System.c,27 :: 		
0x007E	0xE1FB      	BNZ         _CC2DL_Loop1
;__Lib_System.c,28 :: 		
0x0080	0x0601      	DECF        R1, 1, 0
;__Lib_System.c,29 :: 		
0x0082	0xE1F9      	BNZ         _CC2DL_Loop1
;__Lib_System.c,31 :: 		
L_end___CC2DW:
0x0084	0x0012      	RETURN      0
; end of ___CC2DW
_config_io:
;H_BRIDGE_RS232.c,9 :: 		void config_io()
;H_BRIDGE_RS232.c,11 :: 		TRISD=0X00;
0x0086	0x6A95      	CLRF        TRISD 
;H_BRIDGE_RS232.c,12 :: 		PORTD=0X00;
0x0088	0x6A83      	CLRF        PORTD 
;H_BRIDGE_RS232.c,13 :: 		}
L_end_config_io:
0x008A	0x0012      	RETURN      0
; end of _config_io
_UART1_Init:
;__Lib_UART_c67.c,15 :: 		
;__Lib_UART_c67.c,18 :: 		
0x008C	0x0E1C      	MOVLW       _UART1_Write
0x008E	0x6E5C      	MOVWF       _UART_Wr_Ptr 
0x0090	0x0E00      	MOVLW       hi_addr(_UART1_Write)
0x0092	0x6E5D      	MOVWF       _UART_Wr_Ptr+1 
0x0094	0x0E6C      	MOVLW       FARG_UART1_Write_data_
0x0096	0x6E5E      	MOVWF       _UART_Wr_Ptr+2 
0x0098	0x0E00      	MOVLW       hi_addr(FARG_UART1_Write_data_)
0x009A	0x6E5F      	MOVWF       _UART_Wr_Ptr+3 
;__Lib_UART_c67.c,19 :: 		
0x009C	0x0E34      	MOVLW       _UART1_Read
0x009E	0x6E58      	MOVWF       _UART_Rd_Ptr 
0x00A0	0x0E00      	MOVLW       hi_addr(_UART1_Read)
0x00A2	0x6E59      	MOVWF       _UART_Rd_Ptr+1 
0x00A4	0x0E00      	MOVLW       0
0x00A6	0x6E5A      	MOVWF       _UART_Rd_Ptr+2 
0x00A8	0x0E00      	MOVLW       0
0x00AA	0x6E5B      	MOVWF       _UART_Rd_Ptr+3 
;__Lib_UART_c67.c,20 :: 		
0x00AC	0x0E2A      	MOVLW       _UART1_Data_Ready
0x00AE	0x6E64      	MOVWF       _UART_Rdy_Ptr 
0x00B0	0x0E00      	MOVLW       hi_addr(_UART1_Data_Ready)
0x00B2	0x6E65      	MOVWF       _UART_Rdy_Ptr+1 
0x00B4	0x0E00      	MOVLW       0
0x00B6	0x6E66      	MOVWF       _UART_Rdy_Ptr+2 
0x00B8	0x0E00      	MOVLW       0
0x00BA	0x6E67      	MOVWF       _UART_Rdy_Ptr+3 
;__Lib_UART_c67.c,21 :: 		
0x00BC	0x0EFF      	MOVLW       _UART1_Tx_Idle
0x00BE	0x6E60      	MOVWF       _UART_Tx_Idle_Ptr 
0x00C0	0x0EFF      	MOVLW       hi_addr(_UART1_Tx_Idle)
0x00C2	0x6E61      	MOVWF       _UART_Tx_Idle_Ptr+1 
0x00C4	0x0E00      	MOVLW       0
0x00C6	0x6E62      	MOVWF       _UART_Tx_Idle_Ptr+2 
0x00C8	0x0E00      	MOVLW       0
0x00CA	0x6E63      	MOVWF       _UART_Tx_Idle_Ptr+3 
;__Lib_UART_c67.c,23 :: 		
0x00CC	0x8AAC      	BSF         TXSTA, 5 
;__Lib_UART_c67.c,24 :: 		
0x00CE	0x0E90      	MOVLW       144
0x00D0	0x6EAB      	MOVWF       RCSTA 
;__Lib_UART_c67.c,25 :: 		
0x00D2	0x8E94      	BSF         TRISC7_bit, BitPos(TRISC7_bit+0) 
;__Lib_UART_c67.c,26 :: 		
0x00D4	0x9C94      	BCF         TRISC6_bit, BitPos(TRISC6_bit+0) 
;__Lib_UART_c67.c,28 :: 		
L_UART1_Init0:
0x00D6	0xAA9E      	BTFSS       PIR1, 5 
0x00D8	0xD003      	BRA         L_UART1_Init1
;__Lib_UART_c67.c,29 :: 		
0x00DA	0xF000CFAE  	MOVFF       RCREG, R0
0x00DE	0xD7FB      	BRA         L_UART1_Init0
L_UART1_Init1:
;__Lib_UART_c67.c,30 :: 		
L_end_UART1_Init:
0x00E0	0x0012      	RETURN      0
; end of _UART1_Init
_main:
0x00E2	0xF000ECDB  	CALL        438, 0
;H_BRIDGE_RS232.c,15 :: 		void main()
;H_BRIDGE_RS232.c,17 :: 		config_io();
0x00E6	0xDFCF      	RCALL       _config_io
;H_BRIDGE_RS232.c,18 :: 		UART1_Init(9600);
0x00E8	0x86B8      	BSF         BAUDCON, 3, 0
0x00EA	0x6AB0      	CLRF        SPBRGH 
0x00EC	0x0ECF      	MOVLW       207
0x00EE	0x6EAF      	MOVWF       SPBRG 
0x00F0	0x84AC      	BSF         TXSTA, 2, 0
0x00F2	0xDFCC      	RCALL       _UART1_Init
;H_BRIDGE_RS232.c,19 :: 		while(1)
L_main0:
;H_BRIDGE_RS232.c,21 :: 		if(UART1_Data_Ready()) // verifica se tem dado valido na porta
0x00F4	0xDF9A      	RCALL       _UART1_Data_Ready
0x00F6	0x5200      	MOVF        R0, 1 
0x00F8	0xE03D      	BZ          L_main2
;H_BRIDGE_RS232.c,23 :: 		cCaracter= UART1_Read(); // faz a leitura de dados na porta
0x00FA	0xDF9C      	RCALL       _UART1_Read
0x00FC	0xF055C000  	MOVFF       R0, _cCaracter
;H_BRIDGE_RS232.c,24 :: 		switch(cCaracter)
0x0100	0xD030      	BRA         L_main3
;H_BRIDGE_RS232.c,26 :: 		case 'H':
L_main5:
;H_BRIDGE_RS232.c,27 :: 		M1_1 = 1;
0x0102	0x8083      	BSF         PORTD, 0 
;H_BRIDGE_RS232.c,28 :: 		M1_2 = 0;
0x0104	0x9283      	BCF         PORTD, 1 
;H_BRIDGE_RS232.c,29 :: 		M1_3 = 0;
0x0106	0x9483      	BCF         PORTD, 2 
;H_BRIDGE_RS232.c,30 :: 		M1_4 = 1;
0x0108	0x8683      	BSF         PORTD, 3 
;H_BRIDGE_RS232.c,31 :: 		UART1_Write_Text("HORÁRIO");
0x010A	0x0E43      	MOVLW       ?lstr1_H_BRIDGE_RS232
0x010C	0x6E68      	MOVWF       FARG_UART1_Write_Text_uart_text 
0x010E	0x0E00      	MOVLW       hi_addr(?lstr1_H_BRIDGE_RS232)
0x0110	0x6E69      	MOVWF       FARG_UART1_Write_Text_uart_text+1 
0x0112	0xDF99      	RCALL       _UART1_Write_Text
;H_BRIDGE_RS232.c,32 :: 		UART1_Write(13);
0x0114	0x0E0D      	MOVLW       13
0x0116	0x6E6C      	MOVWF       FARG_UART1_Write_data_ 
0x0118	0xDF81      	RCALL       _UART1_Write
;H_BRIDGE_RS232.c,33 :: 		UART1_Write(10);
0x011A	0x0E0A      	MOVLW       10
0x011C	0x6E6C      	MOVWF       FARG_UART1_Write_data_ 
0x011E	0xDF7E      	RCALL       _UART1_Write
;H_BRIDGE_RS232.c,34 :: 		break;
0x0120	0xD029      	BRA         L_main4
;H_BRIDGE_RS232.c,36 :: 		case 'A':
L_main6:
;H_BRIDGE_RS232.c,37 :: 		M1_1 = 0;
0x0122	0x9083      	BCF         PORTD, 0 
;H_BRIDGE_RS232.c,38 :: 		M1_2 = 1;
0x0124	0x8283      	BSF         PORTD, 1 
;H_BRIDGE_RS232.c,39 :: 		M1_3 = 1;
0x0126	0x8483      	BSF         PORTD, 2 
;H_BRIDGE_RS232.c,40 :: 		M1_4 = 0;
0x0128	0x9683      	BCF         PORTD, 3 
;H_BRIDGE_RS232.c,41 :: 		UART1_Write_Text(" ANTI-HORÁRIO");
0x012A	0x0E35      	MOVLW       ?lstr2_H_BRIDGE_RS232
0x012C	0x6E68      	MOVWF       FARG_UART1_Write_Text_uart_text 
0x012E	0x0E00      	MOVLW       hi_addr(?lstr2_H_BRIDGE_RS232)
0x0130	0x6E69      	MOVWF       FARG_UART1_Write_Text_uart_text+1 
0x0132	0xDF89      	RCALL       _UART1_Write_Text
;H_BRIDGE_RS232.c,42 :: 		UART1_Write(13);
0x0134	0x0E0D      	MOVLW       13
0x0136	0x6E6C      	MOVWF       FARG_UART1_Write_data_ 
0x0138	0xDF71      	RCALL       _UART1_Write
;H_BRIDGE_RS232.c,43 :: 		UART1_Write(10);
0x013A	0x0E0A      	MOVLW       10
0x013C	0x6E6C      	MOVWF       FARG_UART1_Write_data_ 
0x013E	0xDF6E      	RCALL       _UART1_Write
;H_BRIDGE_RS232.c,44 :: 		break;
0x0140	0xD019      	BRA         L_main4
;H_BRIDGE_RS232.c,46 :: 		case 'P':
L_main7:
;H_BRIDGE_RS232.c,47 :: 		M1_1 = 0;
0x0142	0x9083      	BCF         PORTD, 0 
;H_BRIDGE_RS232.c,48 :: 		M1_2 = 0;
0x0144	0x9283      	BCF         PORTD, 1 
;H_BRIDGE_RS232.c,49 :: 		M1_3 = 0;
0x0146	0x9483      	BCF         PORTD, 2 
;H_BRIDGE_RS232.c,50 :: 		M1_4 = 0;
0x0148	0x9683      	BCF         PORTD, 3 
;H_BRIDGE_RS232.c,51 :: 		UART1_Write_Text(" PARADO");
0x014A	0x0E4B      	MOVLW       ?lstr3_H_BRIDGE_RS232
0x014C	0x6E68      	MOVWF       FARG_UART1_Write_Text_uart_text 
0x014E	0x0E00      	MOVLW       hi_addr(?lstr3_H_BRIDGE_RS232)
0x0150	0x6E69      	MOVWF       FARG_UART1_Write_Text_uart_text+1 
0x0152	0xDF79      	RCALL       _UART1_Write_Text
;H_BRIDGE_RS232.c,52 :: 		UART1_Write(13);
0x0154	0x0E0D      	MOVLW       13
0x0156	0x6E6C      	MOVWF       FARG_UART1_Write_data_ 
0x0158	0xDF61      	RCALL       _UART1_Write
;H_BRIDGE_RS232.c,53 :: 		UART1_Write(10);
0x015A	0x0E0A      	MOVLW       10
0x015C	0x6E6C      	MOVWF       FARG_UART1_Write_data_ 
0x015E	0xDF5E      	RCALL       _UART1_Write
;H_BRIDGE_RS232.c,54 :: 		break;
0x0160	0xD009      	BRA         L_main4
;H_BRIDGE_RS232.c,55 :: 		}
L_main3:
0x0162	0x5055      	MOVF        _cCaracter, 0 
0x0164	0x0A48      	XORLW       72
0x0166	0xE0CD      	BZ          L_main5
0x0168	0x5055      	MOVF        _cCaracter, 0 
0x016A	0x0A41      	XORLW       65
0x016C	0xE0DA      	BZ          L_main6
0x016E	0x5055      	MOVF        _cCaracter, 0 
0x0170	0x0A50      	XORLW       80
0x0172	0xE0E7      	BZ          L_main7
L_main4:
;H_BRIDGE_RS232.c,56 :: 		}
L_main2:
;H_BRIDGE_RS232.c,58 :: 		}
0x0174	0xD7BF      	BRA         L_main0
;H_BRIDGE_RS232.c,59 :: 		}
L_end_main:
0x0176	0xD7FF      	BRA         $+0
; end of _main
0x01B6	0xF015EE10  	LFSR        1, 21
0x01BA	0x0E3E      	MOVLW       62
0x01BC	0x6E00      	MOVWF       R0 
0x01BE	0x0E01      	MOVLW       1
0x01C0	0x6E01      	MOVWF       R1 
0x01C2	0x0E78      	MOVLW       120
0x01C4	0x6EF6      	MOVWF       TBLPTR 
0x01C6	0x0E01      	MOVLW       1
0x01C8	0x6EF7      	MOVWF       TBLPTRH 
0x01CA	0x0E00      	MOVLW       0
0x01CC	0x6EF8      	MOVWF       TBLPTRU 
0x01CE	0xF000EC3B  	CALL        118, 0
0x01D2	0x0012      	RETURN      0
;__Lib_FT5XX6.c,0 :: ?ICS__Lib_FT5XX6_OrientPrototype0
0x0178	0x0057 ;?ICS__Lib_FT5XX6_OrientPrototype0+0
0x017A	0x0056 ;?ICS__Lib_FT5XX6_OrientPrototype0+2
0x017C	0x0054 ;?ICS__Lib_FT5XX6_OrientPrototype0+4
0x017E	0x0053 ;?ICS__Lib_FT5XX6_OrientPrototype0+6
; end of ?ICS__Lib_FT5XX6_OrientPrototype0
;__Lib_FT5XX6.c,0 :: ?ICS__Lib_FT5XX6_OrientPrototype3
0x0180	0x0056 ;?ICS__Lib_FT5XX6_OrientPrototype3+0
0x0182	0x0054 ;?ICS__Lib_FT5XX6_OrientPrototype3+2
0x0184	0x0053 ;?ICS__Lib_FT5XX6_OrientPrototype3+4
0x0186	0x0057 ;?ICS__Lib_FT5XX6_OrientPrototype3+6
; end of ?ICS__Lib_FT5XX6_OrientPrototype3
;__Lib_FT5XX6.c,0 :: ?ICS__Lib_FT5XX6_OrientPrototype2
0x0188	0x0054 ;?ICS__Lib_FT5XX6_OrientPrototype2+0
0x018A	0x0053 ;?ICS__Lib_FT5XX6_OrientPrototype2+2
0x018C	0x0057 ;?ICS__Lib_FT5XX6_OrientPrototype2+4
0x018E	0x0056 ;?ICS__Lib_FT5XX6_OrientPrototype2+6
; end of ?ICS__Lib_FT5XX6_OrientPrototype2
;__Lib_FT5XX6.c,0 :: ?ICS__Lib_FT5XX6_OrientPrototype1
0x0190	0x0053 ;?ICS__Lib_FT5XX6_OrientPrototype1+0
0x0192	0x0057 ;?ICS__Lib_FT5XX6_OrientPrototype1+2
0x0194	0x0056 ;?ICS__Lib_FT5XX6_OrientPrototype1+4
0x0196	0x0054 ;?ICS__Lib_FT5XX6_OrientPrototype1+6
; end of ?ICS__Lib_FT5XX6_OrientPrototype1
;H_BRIDGE_RS232.c,0 :: ?ICS?lstr2_H_BRIDGE_RS232
0x0198	0x4120 ;?ICS?lstr2_H_BRIDGE_RS232+0
0x019A	0x544E ;?ICS?lstr2_H_BRIDGE_RS232+2
0x019C	0x2D49 ;?ICS?lstr2_H_BRIDGE_RS232+4
0x019E	0x4F48 ;?ICS?lstr2_H_BRIDGE_RS232+6
0x01A0	0xC152 ;?ICS?lstr2_H_BRIDGE_RS232+8
0x01A2	0x4952 ;?ICS?lstr2_H_BRIDGE_RS232+10
0x01A4	0x004F ;?ICS?lstr2_H_BRIDGE_RS232+12
; end of ?ICS?lstr2_H_BRIDGE_RS232
;H_BRIDGE_RS232.c,0 :: ?ICS?lstr1_H_BRIDGE_RS232
0x01A6	0x4F48 ;?ICS?lstr1_H_BRIDGE_RS232+0
0x01A8	0xC152 ;?ICS?lstr1_H_BRIDGE_RS232+2
0x01AA	0x4952 ;?ICS?lstr1_H_BRIDGE_RS232+4
0x01AC	0x004F ;?ICS?lstr1_H_BRIDGE_RS232+6
; end of ?ICS?lstr1_H_BRIDGE_RS232
;H_BRIDGE_RS232.c,0 :: ?ICS?lstr3_H_BRIDGE_RS232
0x01AE	0x5020 ;?ICS?lstr3_H_BRIDGE_RS232+0
0x01B0	0x5241 ;?ICS?lstr3_H_BRIDGE_RS232+2
0x01B2	0x4441 ;?ICS?lstr3_H_BRIDGE_RS232+4
0x01B4	0x004F ;?ICS?lstr3_H_BRIDGE_RS232+6
; end of ?ICS?lstr3_H_BRIDGE_RS232
Symbol List:
//** Routines locations **
//ADDRESS    SIZE    PROCEDURE
//----------------------------------------------
0x001C      [14]    _UART1_Write
0x002A      [10]    _UART1_Data_Ready
0x0034      [18]    _UART1_Read
0x0046      [48]    _UART1_Write_Text
0x0076      [16]    ___CC2DW
0x0086       [6]    _config_io
0x008C      [86]    _UART1_Init
0x00E2     [150]    _main
//** Variables locations ** 
//ADDRESS    SIZE    VARIABLE
//----------------------------------------------
0x0000       [1]    __Lib_SoftI2C_PutZerosToLATSda_temp_sda_L0
0x0000       [1]    FLASH_Erase_64_SaveINTCON_L0
0x0000       [1]    R0
0x0000       [1]    EEPROM_Write_SaveINTCON_L0
0x0000       [1]    __Lib_SoftI2C_PutZerosToLATScl_temp_scl_L0
0x0000       [1]    SPI1_Write_tmp_L0
0x0000       [1]    UART1_Init_tmp_L0
0x0001       [1]    __Lib_TFT_16bit_JPEG_FileRead_i_L0
0x0001       [1]    __Lib_TFT_JPEG_FileReadBytes_Result_L0
0x0001       [1]    ispunct_rslt_L0
0x0001       [1]    FLASH_Erase_Write_64_i_L0
0x0001       [1]    __Lib_TFT_16bit_JPEG_FileReadBytes_Result_L0
0x0001       [1]    __Lib_Conversions_Adjust_Hex_tmp_L0
0x0001       [2]    FLASH_Read_N_Bytes_i_L0
0x0001       [1]    FLASH_Write_32_i_L0
0x0001       [1]    __Lib_PS2_Wait_Falling_nsample_L0
0x0001       [1]    __Lib_TFT_JPEG_FileRead_i_L0
0x0001       [1]    R1
0x0001       [1]    UART1_Read___tmp_UART1_Read_L0
0x0002       [1]    FLASH_Write_32_SaveINTCON_L0
0x0002       [2]    memchr_s_L0
0x0002       [2]    memcpy_dd_L0
0x0002       [2]    strlen_cp_L0
0x0002       [1]    FLASH_Erase_Write_64_j_L0
0x0002       [2]    FT5XX6_GetGestureIndex_i_L0
0x0002       [2]    memset_pp_L0
0x0002       [1]    R2
0x0003       [1]    FLASH_Erase_Write_64_SaveINTCON_L0
0x0003       [2]    __Lib_MmcFat16_f16_toInt_l_L0
0x0003       [1]    R3
0x0003       [2]    Ltrim_original_L0
0x0003       [2]    MM_TotalFreeMemSize_Tot_L0
0x0003       [1]    __Lib_Sprinti_?FLOC____Lib_Sprinti_Do_FillT29
0x0003       [1]    MM_Init_i_L0
0x0003       [2]    memmove_tt_L0
0x0004       [2]    strncat_cp_L0
0x0004       [2]    frexp_pom_L0
0x0004       [2]    memcpy_ss_L0
0x0004       [2]    strcat_cp_L0
0x0004       [1]    __Lib_Sprinti_?FLOC____Lib_Sprinti_Do_FillT40
0x0004       [2]    strncpy_cp_L0
0x0004       [1]    R4
0x0004       [2]    strcpy_cp_L0
0x0004       [2]    __Lib_MemManager_MM_GetMemAlign_P_L0
0x0005       [1]    MM_TotalFreeMemSize_i_L0
0x0005       [2]    LongWordToHex_input_half_L0
0x0005       [2]    memmove_ff_L0
0x0005       [1]    R5
0x0005       [2]    Ltrim_p_L0
0x0005       [2]    LongIntToHex_input_half_L0
0x0005       [1]    __Lib_Sprinti_?FLOC____Lib_Sprinti_Do_FillT54
0x0006       [1]    __Lib_Sprinti_?FLOC____Lib_Sprinti_Do_FillT69
0x0006       [1]    R6
0x0006       [1]    __Lib_MemManager_MM_GetMemAlign_i_L0
0x0007       [1]    __Lib_TFT_16bit_JPEG_GenerateHuffmanTables_bLength_L0
0x0007       [1]    __Lib_TFT_JPEG_GenerateHuffmanTables_bLength_L0
0x0007       [1]    R7
0x0008       [1]    __Lib_TFT_16bit_JPEG_GenerateHuffmanTables_bTable_L0
0x0008       [1]    R8
0x0008       [1]    __Lib_TFT_JPEG_GenerateHuffmanTables_bTable_L0
0x0009       [1]    R9
0x0009       [4]    __Lib_MmcFat16_f16_toLong_l_L0
0x000A       [1]    R10
0x000B       [1]    R11
0x000C       [1]    R12
0x000D       [1]    R13
0x000E       [1]    R14
0x000F       [1]    R15
0x0010       [1]    R16
0x0011       [1]    R17
0x0012       [1]    R18
0x0013       [1]    R19
0x0014       [1]    R20
0x0015       [8]    __Lib_FT5XX6_OrientPrototype0
0x001D       [8]    __Lib_FT5XX6_OrientPrototype3
0x0025       [8]    __Lib_FT5XX6_OrientPrototype2
0x002D       [8]    __Lib_FT5XX6_OrientPrototype1
0x0035      [14]    ?lstr2_H_BRIDGE_RS232
0x0043       [8]    ?lstr1_H_BRIDGE_RS232
0x004B       [8]    ?lstr3_H_BRIDGE_RS232
0x0053       [1]    _ft5xx6_gest_move_left
0x0054       [1]    _ft5xx6_gest_move_down
0x0055       [1]    _cCaracter
0x0056       [1]    _ft5xx6_gest_move_right
0x0057       [1]    _ft5xx6_gest_move_up
0x0058       [4]    _UART_Rd_Ptr
0x005C       [4]    _UART_Wr_Ptr
0x0060       [4]    _UART_Tx_Idle_Ptr
0x0064       [4]    _UART_Rdy_Ptr
0x0068       [2]    FARG_UART1_Write_Text_uart_text
0x006A       [1]    UART1_Write_Text_data__L0
0x006B       [1]    UART1_Write_Text_counter_L0
0x006C       [1]    FARG_UART1_Write_data_
0x0F83       [1]    PORTD
0x0F94       [0]    TRISC6_bit
0x0F94       [0]    TRISC7_bit
0x0F95       [1]    TRISD
0x0F9E       [1]    PIR1
0x0FAB       [1]    RCSTA
0x0FAC       [1]    TXSTA
0x0FAD       [1]    TXREG
0x0FAE       [1]    RCREG
0x0FAF       [1]    SPBRG
0x0FB0       [1]    SPBRGH
0x0FB8       [1]    BAUDCON
0x0FD8       [1]    STATUS
0x0FD9       [1]    FSR2L
0x0FDA       [1]    FSR2H
0x0FDE       [1]    POSTINC2
0x0FE0       [1]    BSR
0x0FE1       [1]    FSR1L
0x0FE2       [1]    FSR1H
0x0FE4       [1]    PREINC1
0x0FE6       [1]    POSTINC1
0x0FE7       [1]    INDF1
0x0FE8       [1]    WREG
0x0FE9       [1]    FSR0L
0x0FEA       [1]    FSR0H
0x0FEE       [1]    POSTINC0
0x0FF3       [1]    PRODL
0x0FF4       [1]    PRODH
0x0FF5       [1]    TABLAT
0x0FF6       [1]    TBLPTRL
0x0FF6       [3]    TBLPTR
0x0FF7       [1]    TBLPTRH
0x0FF8       [1]    TBLPTRU
//** Constants locations ** 
//ADDRESS    SIZE    CONSTANT
//----------------------------------------------
0x0178       [8]    ?ICS__Lib_FT5XX6_OrientPrototype0
0x0180       [8]    ?ICS__Lib_FT5XX6_OrientPrototype3
0x0188       [8]    ?ICS__Lib_FT5XX6_OrientPrototype2
0x0190       [8]    ?ICS__Lib_FT5XX6_OrientPrototype1
0x0198      [14]    ?ICS?lstr2_H_BRIDGE_RS232
0x01A6       [8]    ?ICS?lstr1_H_BRIDGE_RS232
0x01AE       [8]    ?ICS?lstr3_H_BRIDGE_RS232
